<?xml version="1.0" encoding="UTF-8"?>
<!-- Generated by org.testng.reporters.JUnitReportReporter -->
<testsuite skipped="0" hostname="MYLOVE" name="TestNG_Test_2.TestNG_Project_Two" tests="1" failures="0" timestamp="2022-01-29T15:16:10 CST" time="3.218" errors="0">
  <testcase name="init" time="3.218" classname="TestNG_Test_2.TestNG_Project_Two"/>
  <system-out/>
</testsuite> <!-- TestNG_Test_2.TestNG_Project_Two -->
